<?xml version="1.0" encoding="UTF-8"?>
<!-- Generated by org.testng.reporters.JUnitXMLReporter -->
<testsuite ignored="0" hostname="DESKTOP-NO48J0P" failures="1" tests="1" name="BankingApp Test" time="11.349" errors="0" timestamp="2022-11-01T01:27:26 IST">
  <testcase classname="com.iNetBanking.testCases.TC_LoginDDT_002" name="loginDDT" time="0.0">
    <failure type="java.lang.RuntimeException" message="java.lang.NoClassDefFoundError: org/apache/poi/util/POILogFactory">
      <![CDATA[java.lang.RuntimeException: java.lang.NoClassDefFoundError: org/apache/poi/util/POILogFactory
at java.base/java.util.ArrayList.forEach(ArrayList.java:1511)
Caused by: java.lang.NoClassDefFoundError: org/apache/poi/util/POILogFactory
at org.apache.poi.ooxml.POIXMLDocumentPart.<clinit>(POIXMLDocumentPart.java:56)
at com.iNetBanking.utilities.XLUtils.getRowCount(XLUtils.java:28)
at com.iNetBanking.testCases.TC_LoginDDT_002.getData(TC_LoginDDT_002.java:66)
... 25 more
Caused by: java.lang.ClassNotFoundException: org.apache.poi.util.POILogFactory
at java.base/jdk.internal.loader.BuiltinClassLoader.loadClass(BuiltinClassLoader.java:606)
at java.base/jdk.internal.loader.ClassLoaders$AppClassLoader.loadClass(ClassLoaders.java:168)
at java.base/java.lang.ClassLoader.loadClass(ClassLoader.java:522)
... 35 more
... Removed 32 stack frames]]>
    </failure>
  </testcase> <!-- loginDDT -->
</testsuite> <!-- BankingApp Test -->
