<?xml version="1.0" encoding="UTF-8"?>
<testng-results ignored="0" total="1" passed="1" failed="0" skipped="0">
  <reporter-output>
  </reporter-output>
  <suite started-at="2023-01-15T04:10:03 IST" name="Default suite" finished-at="2023-01-15T04:10:35 IST" duration-ms="31500">
    <groups>
    </groups>
    <test started-at="2023-01-15T04:10:03 IST" name="Default test" finished-at="2023-01-15T04:10:35 IST" duration-ms="31500">
      <class name="com.iNetBanking.testCases.TC_AddNewAcount_006">
        <test-method is-config="true" signature="setup()[pri:0, instance:com.iNetBanking.testCases.TC_AddNewAcount_006@12aba8be]" started-at="2023-01-15T04:10:03 IST" name="setup" finished-at="2023-01-15T04:10:11 IST" duration-ms="7371" status="PASS">
          <reporter-output>
          </reporter-output>
        </test-method> <!-- setup -->
        <test-method signature="addAcount()[pri:0, instance:com.iNetBanking.testCases.TC_AddNewAcount_006@12aba8be]" started-at="2023-01-15T04:10:11 IST" name="addAcount" finished-at="2023-01-15T04:10:35 IST" duration-ms="23788" status="PASS">
          <reporter-output>
          </reporter-output>
        </test-method> <!-- addAcount -->
        <test-method is-config="true" signature="tearDown()[pri:0, instance:com.iNetBanking.testCases.TC_AddNewAcount_006@12aba8be]" started-at="2023-01-15T04:10:35 IST" name="tearDown" finished-at="2023-01-15T04:10:35 IST" duration-ms="296" status="PASS">
          <reporter-output>
          </reporter-output>
        </test-method> <!-- tearDown -->
      </class> <!-- com.iNetBanking.testCases.TC_AddNewAcount_006 -->
    </test> <!-- Default test -->
  </suite> <!-- Default suite -->
</testng-results>
